[0.000][INFO]:      ChromeDriver 21.0.1180.4 /Users/brstream/Downloads/chromedriver
[1.384][FINE]:      Initializing session with capabilities {
   "browserName": "chrome",
   "chrome.switches": [  ],
   "chromeOptions": {
      "args": [  ],
      "binary": "",
      "extensions": [  ]
   },
   "javascriptEnabled": true,
   "platform": "ANY",
   "version": ""
}

[1.385][INFO]:      Launching chrome: /Applications/Google Chrome.app/Contents/MacOS/Google Chrome --disable-hang-monitor --disable-prompt-on-repost --dom-automation --full-memory-crash-report --no-default-browser-check --no-first-run --ignore-certificate-errors --disable-popup-blocking --homepage=about:blank
[2.742][INFO]:      Connected to Chrome successfully. Version: 20.0.1132.47
[2.823][FINE]:      Command received (/session/de8987ae7b8cfadfe5277386a6fac580)
[2.823][FINE]:      Command finished (/session/de8987ae7b8cfadfe5277386a6fac580) with response {
   "sessionId": "de8987ae7b8cfadfe5277386a6fac580",
   "status": 0,
   "value": {
      "acceptSslCerts": false,
      "applicationCacheEnabled": false,
      "browserConnectionEnabled": false,
      "browserName": "chrome",
      "chrome.chromedriverVersion": "21.0.1180.4",
      "chrome.nativeEvents": false,
      "cssSelectorsEnabled": true,
      "databaseEnabled": false,
      "handlesAlerts": true,
      "javascriptEnabled": true,
      "locationContextEnabled": false,
      "nativeEvents": true,
      "platform": "mac",
      "rotatable": false,
      "takesScreenshot": true,
      "version": "20.0.1132.47",
      "webStorageEnabled": true
   }
}

[2.833][FINE]:      Command received (/session/de8987ae7b8cfadfe5277386a6fac580/url) with params {
   "sessionId": "de8987ae7b8cfadfe5277386a6fac580",
   "url": "http://www.facebook.com/thichnhathanh/events"
}

[2.833][FINER]:     Waiting for all views to stop loading...
[2.834][FINER]:     Done waiting for all views to stop loading
[4.898][FINER]:     Waiting for all views to stop loading...
[4.899][FINER]:     Done waiting for all views to stop loading
[4.899][FINE]:      Command finished (/session/de8987ae7b8cfadfe5277386a6fac580/url) with response {
   "sessionId": "de8987ae7b8cfadfe5277386a6fac580",
   "status": 0,
   "value": {

   }
}

[4.902][FINE]:      Command received (/session/de8987ae7b8cfadfe5277386a6fac580/element) with params {
   "sessionId": "de8987ae7b8cfadfe5277386a6fac580",
   "using": "name",
   "value": "email"
}

[4.902][FINER]:     Waiting for all views to stop loading...
[4.902][FINER]:     Done waiting for all views to stop loading
[5.020][FINER]:     Waiting for all views to stop loading...
[5.021][FINER]:     Done waiting for all views to stop loading
[5.021][FINE]:      Command finished (/session/de8987ae7b8cfadfe5277386a6fac580/element) with response {
   "sessionId": "de8987ae7b8cfadfe5277386a6fac580",
   "status": 0,
   "value": {
      "ELEMENT": ":wdc:1341887793507"
   }
}

[5.023][FINE]:      Command received (/session/de8987ae7b8cfadfe5277386a6fac580/element/:wdc:1341887793507/value) with params {
   "id": ":wdc:1341887793507",
   "sessionId": "de8987ae7b8cfadfe5277386a6fac580",
   "value": [ "m", "o", "n", "k", "s", "@", "d", "p", "m", "a", "i", "l", ".", "n", "e", "t" ]
}

[5.023][FINER]:     Waiting for all views to stop loading...
[5.023][FINER]:     Done waiting for all views to stop loading
[5.804][FINER]:     Waiting for all views to stop loading...
[5.804][FINER]:     Done waiting for all views to stop loading
[5.804][FINE]:      Command finished (/session/de8987ae7b8cfadfe5277386a6fac580/element/:wdc:1341887793507/value) with response {
   "sessionId": "de8987ae7b8cfadfe5277386a6fac580",
   "status": 0,
   "value": {

   }
}

[5.806][FINE]:      Command received (/session/de8987ae7b8cfadfe5277386a6fac580/element) with params {
   "sessionId": "de8987ae7b8cfadfe5277386a6fac580",
   "using": "name",
   "value": "pass"
}

[5.806][FINER]:     Waiting for all views to stop loading...
[5.806][FINER]:     Done waiting for all views to stop loading
[5.816][FINER]:     Waiting for all views to stop loading...
[5.816][FINER]:     Done waiting for all views to stop loading
[5.816][FINE]:      Command finished (/session/de8987ae7b8cfadfe5277386a6fac580/element) with response {
   "sessionId": "de8987ae7b8cfadfe5277386a6fac580",
   "status": 0,
   "value": {
      "ELEMENT": ":wdc:1341887793508"
   }
}

[5.818][FINE]:      Command received (/session/de8987ae7b8cfadfe5277386a6fac580/element/:wdc:1341887793508/value) with params {
   "id": ":wdc:1341887793508",
   "sessionId": "de8987ae7b8cfadfe5277386a6fac580",
   "value": [ "@", "s", "a", "m", ".", "A", "d", "h", "i" ]
}

[5.818][FINER]:     Waiting for all views to stop loading...
[5.818][FINER]:     Done waiting for all views to stop loading
[6.019][FINER]:     Waiting for all views to stop loading...
[6.020][FINER]:     Done waiting for all views to stop loading
[6.020][FINE]:      Command finished (/session/de8987ae7b8cfadfe5277386a6fac580/element/:wdc:1341887793508/value) with response {
   "sessionId": "de8987ae7b8cfadfe5277386a6fac580",
   "status": 0,
   "value": {

   }
}

[6.021][FINE]:      Command received (/session/de8987ae7b8cfadfe5277386a6fac580/element/:wdc:1341887793508/value) with params {
   "id": ":wdc:1341887793508",
   "sessionId": "de8987ae7b8cfadfe5277386a6fac580",
   "value": [ "\uE006" ]
}

[6.021][FINER]:     Waiting for all views to stop loading...
[6.022][FINER]:     Done waiting for all views to stop loading
[6.160][FINER]:     Waiting for all views to stop loading...
[11.194][FINER]:    Done waiting for all views to stop loading
[11.194][FINE]:     Command finished (/session/de8987ae7b8cfadfe5277386a6fac580/element/:wdc:1341887793508/value) with response {
   "sessionId": "de8987ae7b8cfadfe5277386a6fac580",
   "status": 0,
   "value": {

   }
}

[11.197][FINE]:     Command received (/session/de8987ae7b8cfadfe5277386a6fac580/elements) with params {
   "sessionId": "de8987ae7b8cfadfe5277386a6fac580",
   "using": "css selector",
   "value": "li.uiListItem.uiListMedium"
}

[11.197][FINER]:    Waiting for all views to stop loading...
[11.210][FINER]:    Done waiting for all views to stop loading
[11.221][FINER]:    Waiting for all views to stop loading...
[11.238][FINER]:    Done waiting for all views to stop loading
[11.238][FINE]:     Command finished (/session/de8987ae7b8cfadfe5277386a6fac580/elements) with response {
   "sessionId": "de8987ae7b8cfadfe5277386a6fac580",
   "status": 0,
   "value": [ {
      "ELEMENT": ":wdc:1341887799708"
   }, {
      "ELEMENT": ":wdc:1341887799709"
   }, {
      "ELEMENT": ":wdc:1341887799710"
   }, {
      "ELEMENT": ":wdc:1341887799711"
   }, {
      "ELEMENT": ":wdc:1341887799712"
   } ]
}

[11.240][FINE]:     Command received (/session/de8987ae7b8cfadfe5277386a6fac580/element/:wdc:1341887799708/text)
[11.240][FINER]:    Waiting for all views to stop loading...
[11.288][FINER]:    Done waiting for all views to stop loading
[11.512][FINER]:    Waiting for all views to stop loading...
[11.513][FINER]:    Done waiting for all views to stop loading
[11.513][FINE]:     Command finished (/session/de8987ae7b8cfadfe5277386a6fac580/element/:wdc:1341887799708/text) with response {
   "sessionId": "de8987ae7b8cfadfe5277386a6fac580",
   "status": 0,
   "value": ""
}

[11.515][FINE]:     Command received (/session/de8987ae7b8cfadfe5277386a6fac580/element/:wdc:1341887799709/text)
[11.515][FINER]:    Waiting for all views to stop loading...
[11.531][FINER]:    Done waiting for all views to stop loading
[11.585][FINER]:    Waiting for all views to stop loading...
[11.585][FINER]:    Done waiting for all views to stop loading
[11.585][FINE]:     Command finished (/session/de8987ae7b8cfadfe5277386a6fac580/element/:wdc:1341887799709/text) with response {
   "sessionId": "de8987ae7b8cfadfe5277386a6fac580",
   "status": 0,
   "value": "Summer Opening 2012\nFriday, July 6, 2012 at 2:00pm\nWake Up Belgium and 64 other guests\nPlum Villa..."
}

[11.587][FINE]:     Command received (/session/de8987ae7b8cfadfe5277386a6fac580/element/:wdc:1341887799710/text)
[11.587][FINER]:    Waiting for all views to stop loading...
[11.598][FINER]:    Done waiting for all views to stop loading
[11.657][FINER]:    Waiting for all views to stop loading...
[11.658][FINER]:    Done waiting for all views to stop loading
[11.658][FINE]:     Command finished (/session/de8987ae7b8cfadfe5277386a6fac580/element/:wdc:1341887799710/text) with response {
   "sessionId": "de8987ae7b8cfadfe5277386a6fac580",
   "status": 0,
   "value": "Dutch Retreat: Healing through Resting and Letting Go\nSaturday, August 11, 2012 at 2:00pm\nWake Up..."
}

[11.659][FINE]:     Command received (/session/de8987ae7b8cfadfe5277386a6fac580/element/:wdc:1341887799711/text)
[11.659][FINER]:    Waiting for all views to stop loading...
[11.659][FINER]:    Done waiting for all views to stop loading
[11.694][FINER]:    Waiting for all views to stop loading...
[11.695][FINER]:    Done waiting for all views to stop loading
[11.695][FINE]:     Command finished (/session/de8987ae7b8cfadfe5277386a6fac580/element/:wdc:1341887799711/text) with response {
   "sessionId": "de8987ae7b8cfadfe5277386a6fac580",
   "status": 0,
   "value": "German Retreat: Healing Body and Mind\nSunday, August 19, 2012 at 2:00pm\n16 guests\nEIAB (European ..."
}

[11.697][FINE]:     Command received (/session/de8987ae7b8cfadfe5277386a6fac580/element/:wdc:1341887799712/text)
[11.697][FINER]:    Waiting for all views to stop loading...
[11.698][FINER]:    Done waiting for all views to stop loading
[11.735][FINER]:    Waiting for all views to stop loading...
[11.735][FINER]:    Done waiting for all views to stop loading
[11.735][FINE]:     Command finished (/session/de8987ae7b8cfadfe5277386a6fac580/element/:wdc:1341887799712/text) with response {
   "sessionId": "de8987ae7b8cfadfe5277386a6fac580",
   "status": 0,
   "value": "Public Talk in The Hague: Mindfulness and Inner Peace\nTuesday, August 28, 2012 at 5:30pm\nStu Joll..."
}

